<?xml version="1.0" encoding="UTF-8"?>
<!-- Generated by org.testng.reporters.JUnitReportReporter -->
<testsuite hostname="DESKTOP-EJL0P6A" failures="0" tests="1" name="com.amazon.tests.CardDetailsPageTest" time="25.863" errors="0" timestamp="2021-10-11T14:25:18 CEST" skipped="0">
  <testcase classname="com.amazon.tests.CardDetailsPageTest" name="cardDetailsAdd" time="25.863"/>
  <system-out/>
</testsuite> <!-- com.amazon.tests.CardDetailsPageTest -->
